<?xml version="1.0" encoding="UTF-8"?>
<!-- Generated by org.testng.reporters.JUnitXMLReporter -->
<testsuite ignored="1" hostname="SUNIL-NOTEBOOK" failures="0" tests="1" name="Default test" time="20.282" errors="0" timestamp="2022-11-11T12:11:47 AEDT">
  <testcase classname="TestSuite.SignUpNewCustomer" name="CustomerWithDifferentBillingAddressAndOtherContacts" time="20.071"/>
  <testcase classname="TestSuite.SignUpNewCustomer" name="CustomerWithSameBillingAddressAndAuthContactOnly" time="0.0">
    <ignored/>
  </testcase> <!-- CustomerWithSameBillingAddressAndAuthContactOnly -->
</testsuite> <!-- Default test -->
