<?xml version="1.0" encoding="UTF-8"?>
<!-- Generated by org.testng.reporters.JUnitXMLReporter -->
<testsuite ignored="0" hostname="SUNIL-NOTEBOOK" failures="0" tests="2" name="CodeTest" time="63.261" errors="0" timestamp="2022-11-11T12:01:49 AEDT">
  <testcase classname="TestSuite.SignUpNewCustomer" name="CustomerWithSameBillingAddressAndAuthContactOnly" time="44.324"/>
  <testcase classname="TestSuite.SignUpNewCustomer" name="CustomerWithDifferentBillingAddressAndOtherContacts" time="18.711"/>
</testsuite> <!-- CodeTest -->
