<?xml version="1.0" encoding="UTF-8"?>
<testng-results ignored="1" total="2" passed="1" failed="0" skipped="0">
  <reporter-output>
  </reporter-output>
  <suite started-at="2022-11-11T12:11:27 AEDT" name="Default suite" finished-at="2022-11-11T12:11:47 AEDT" duration-ms="20282">
    <groups>
    </groups>
    <test started-at="2022-11-11T12:11:27 AEDT" name="Default test" finished-at="2022-11-11T12:11:47 AEDT" duration-ms="20282">
      <class name="TestSuite.SignUpNewCustomer">
        <test-method signature="CustomerWithDifferentBillingAddressAndOtherContacts()[pri:2, instance:TestSuite.SignUpNewCustomer@3e2822]" started-at="2022-11-11T12:11:27 AEDT" name="CustomerWithDifferentBillingAddressAndOtherContacts" finished-at="2022-11-11T12:11:47 AEDT" duration-ms="20071" status="PASS">
          <reporter-output>
          </reporter-output>
        </test-method> <!-- CustomerWithDifferentBillingAddressAndOtherContacts -->
        <test-method is-config="true" signature="CloseBrowser()[pri:0, instance:TestSuite.SignUpNewCustomer@3e2822]" started-at="2022-11-11T12:11:47 AEDT" name="CloseBrowser" finished-at="2022-11-11T12:11:47 AEDT" duration-ms="149" status="PASS">
          <reporter-output>
          </reporter-output>
        </test-method> <!-- CloseBrowser -->
      </class> <!-- TestSuite.SignUpNewCustomer -->
    </test> <!-- Default test -->
  </suite> <!-- Default suite -->
</testng-results>
